<?xml version="1.0" encoding="UTF-8"?>
<!-- Generated by org.testng.reporters.JUnitReportReporter -->
<testsuite hostname="MAVRLT203" name="Runner.RunCuke" tests="1" failures="0" timestamp="2 Feb 2018 06:22:56 GMT" time="48.587" errors="0">
  <testcase name="feature" time="48.587" classname="Runner.RunCuke"/>
</testsuite> <!-- Runner.RunCuke -->
